<?xml version="1.0" encoding="UTF-8"?>
<!-- Generated by org.testng.reporters.JUnitReportReporter -->
<testsuite hostname="LAPTOP-7SJB9DPC" failures="0" tests="1" name="com.google.qa.FirstTest" time="6.677" errors="0" timestamp="14 Jan 2023 17:51:00 GMT" skipped="0">
  <testcase classname="com.google.qa.FirstTest" name="f" time="6.677"/>
</testsuite> <!-- com.google.qa.FirstTest -->
